2025-09-05 16:16:30,514 WARNING PyNaCl is not installed, voice will NOT be supported
2025-09-05 16:16:30,515 INFO logging in using static token
2025-09-05 16:16:32,144 INFO Shard ID None has connected to Gateway (Session ID: 734a6d067fc26eb8cc53889e34e3c1af).
2025-09-05 16:21:22,643 WARNING PyNaCl is not installed, voice will NOT be supported
2025-09-05 16:21:22,644 INFO logging in using static token
2025-09-05 16:21:24,761 INFO Shard ID None has connected to Gateway (Session ID: b1855aea39d3307c0f331d5eb5523ffd).
2025-09-08 07:43:50,992 WARNING PyNaCl is not installed, voice will NOT be supported
2025-09-08 07:43:50,993 INFO logging in using static token
2025-09-08 07:43:52,741 INFO Shard ID None has connected to Gateway (Session ID: 6df6f8c4a8f2c2194873c31985bc4127).
2025-09-10 22:05:50,846 WARNING PyNaCl is not installed, voice will NOT be supported
2025-09-10 22:06:17,698 WARNING PyNaCl is not installed, voice will NOT be supported
2025-09-10 22:06:17,701 INFO 1. Running test_detect_phase_enum...
2025-09-10 22:06:17,702 INFO PASSED
2025-09-10 22:06:17,702 INFO 2. Running test_detect_phase_exploit...
2025-09-10 22:06:17,704 INFO 3. Running test_detect_service_ec2...
2025-09-10 22:06:17,705 INFO PASSED
2025-09-10 22:06:17,705 INFO 4. Running test_get_response_enum_bucket...
2025-09-10 22:06:17,709 INFO 5. Running test_get_response_exfil_snapshot...
2025-09-10 22:09:39,846 WARNING PyNaCl is not installed, voice will NOT be supported
2025-09-10 22:12:07,413 WARNING PyNaCl is not installed, voice will NOT be supported
2025-09-10 22:12:42,912 WARNING PyNaCl is not installed, voice will NOT be supported
2025-09-10 22:13:40,995 WARNING PyNaCl is not installed, voice will NOT be supported
2025-09-10 22:16:02,961 WARNING PyNaCl is not installed, voice will NOT be supported
2025-09-10 22:16:47,553 WARNING PyNaCl is not installed, voice will NOT be supported
2025-09-11 07:46:30,258 WARNING PyNaCl is not installed, voice will NOT be supported
2025-09-11 07:46:30,261 INFO Testing default (unknown input)...
2025-09-11 07:46:30,264 INFO Testing enum phase...
2025-09-11 07:46:30,264 INFO Testing exfil phase...
2025-09-11 07:46:30,265 INFO Testing exploit phase...
2025-09-11 07:46:30,266 INFO Testing greet phase...
2025-09-11 07:46:30,266 INFO Testing persist phase...
2025-09-11 07:47:55,939 WARNING PyNaCl is not installed, voice will NOT be supported
2025-09-11 07:47:55,942 INFO Testing default (unknown input)...
2025-09-11 07:47:55,944 INFO Testing enum phase...
2025-09-11 07:47:55,945 INFO Testing exfil phase...
2025-09-11 07:47:55,946 INFO Testing exploit phase...
2025-09-11 07:47:55,946 INFO Testing greet phase...
2025-09-11 07:47:55,947 INFO Testing persist phase...
2025-09-11 07:48:49,641 WARNING PyNaCl is not installed, voice will NOT be supported
2025-09-11 07:48:49,644 INFO Testing default (unknown input)...
2025-09-11 07:48:49,648 INFO Testing enum phase...
2025-09-11 07:48:49,648 INFO Testing exfil phase...
2025-09-11 07:48:49,648 INFO Testing exploit phase...
2025-09-11 07:48:49,648 INFO Testing greet phase...
2025-09-11 07:48:49,648 INFO Testing persist phase...
